#
# There is insufficient memory for the Java Runtime Environment to continue.
# Native memory allocation (malloc) failed to allocate 32744 bytes for ChunkPool::allocate
# Possible reasons:
#   The system is out of physical RAM or swap space
#   In 32 bit mode, the process size limit was hit
# Possible solutions:
#   Reduce memory load on the system
#   Increase physical memory or swap space
#   Check if swap backing store is full
#   Use 64 bit Java on a 64 bit OS
#   Decrease Java heap size (-Xmx/-Xms)
#   Decrease number of Java threads
#   Decrease Java thread stack sizes (-Xss)
#   Set larger code cache with -XX:ReservedCodeCacheSize=
# This output file may be truncated or incomplete.
#
#  Out of Memory Error (allocation.cpp:273), pid=10140, tid=0x0000000000002700
#
# JRE version: OpenJDK Runtime Environment (8.0_76-b03) (build 1.8.0_76-release-b03)
# Java VM: OpenJDK 64-Bit Server VM (25.76-b03 mixed mode windows-amd64 compressed oops)
# Failed to write core dump. Minidumps are not enabled by default on client versions of Windows
#

---------------  T H R E A D  ---------------

Current thread (0x0000000017060800):  JavaThread "C1 CompilerThread3" daemon [_thread_in_native, id=9984, stack(0x00000000179d0000,0x0000000017ad0000)]

Stack: [0x00000000179d0000,0x0000000017ad0000]
[error occurred during error reporting (printing stack bounds), id 0xc0000005]

Native frames: (J=compiled Java code, j=interpreted, Vv=VM code, C=native code)


Current CompileTask:
C1:    759  182   !   3       com.android.dx.cf.cst.ConstantPoolParser::parse0 (731 bytes)


---------------  P R O C E S S  ---------------

Java Threads: ( => current thread )
  0x0000000017231800 JavaThread "pool-2-thread-4" [_thread_new, id=5316, stack(0x0000000000000000,0x0000000000000000)]
  0x000000001721e800 JavaThread "pool-2-thread-3" [_thread_new, id=9892, stack(0x0000000000000000,0x0000000000000000)]
  0x0000000017203000 JavaThread "pool-2-thread-2" [_thread_new, id=10100, stack(0x0000000000000000,0x0000000000000000)]
  0x000000001709a000 JavaThread "pool-3-thread-1" [_thread_new, id=3736, stack(0x0000000000000000,0x0000000000000000)]
  0x00000000170ca800 JavaThread "pool-2-thread-1" [_thread_new, id=9240, stack(0x0000000000000000,0x0000000000000000)]
  0x000000001706d000 JavaThread "Service Thread" daemon [_thread_new, id=8604, stack(0x0000000000000000,0x0000000000000000)]
=>0x0000000017060800 JavaThread "C1 CompilerThread3" daemon [_thread_in_native, id=9984, stack(0x00000000179d0000,0x0000000017ad0000)]
  0x000000001511e800 JavaThread "C2 CompilerThread2" daemon [_thread_blocked, id=8924, stack(0x00000000178d0000,0x00000000179d0000)]
  0x000000001511b000 JavaThread "C2 CompilerThread1" daemon [_thread_blocked, id=732, stack(0x00000000177d0000,0x00000000178d0000)]
  0x0000000015119000 JavaThread "C2 CompilerThread0" daemon [_thread_blocked, id=8000, stack(0x00000000176d0000,0x00000000177d0000)]
  0x000000001700b000 JavaThread "Attach Listener" daemon [_thread_blocked, id=1820, stack(0x00000000175d0000,0x00000000176d0000)]
  0x0000000017058800 JavaThread "Signal Dispatcher" daemon [_thread_blocked, id=6324, stack(0x00000000174d0000,0x00000000175d0000)]
  0x0000000016ff0800 JavaThread "Finalizer" daemon [_thread_blocked, id=9712, stack(0x00000000173d0000,0x00000000174d0000)]
  0x000000001510b000 JavaThread "Reference Handler" daemon [_thread_blocked, id=7724, stack(0x0000000016ed0000,0x0000000016fd0000)]
  0x00000000024f1000 JavaThread "main" [_thread_in_Java, id=8360, stack(0x0000000001ff0000,0x00000000020f0000)]

Other Threads:
  0x0000000015105000 VMThread [stack: 0x0000000016dd0000,0x0000000016ed0000] [id=9496]
  0x000000001706d800 WatcherThread [stack: 0x0000000017bd0000,0x0000000017cd0000] [id=1792]

VM state:not at safepoint (normal execution)

VM Mutex/Monitor currently owned by a thread: None

Heap:
 PSYoungGen      total 38400K, used 8656K [0x00000000eab00000, 0x00000000ed580000, 0x0000000100000000)
  eden space 33280K, 26% used [0x00000000eab00000,0x00000000eb374008,0x00000000ecb80000)
  from space 5120K, 0% used [0x00000000ed080000,0x00000000ed080000,0x00000000ed580000)
  to   space 5120K, 0% used [0x00000000ecb80000,0x00000000ecb80000,0x00000000ed080000)
 ParOldGen       total 87552K, used 0K [0x00000000c0000000, 0x00000000c5580000, 0x00000000eab00000)
  object space 87552K, 0% used [0x00000000c0000000,0x00000000c0000000,0x00000000c5580000)
 Metaspace       used 3965K, capacity 5104K, committed 5376K, reserved 1056768K
  class space    used 431K, capacity 488K, committed 512K, reserved 1048576K

Card table byte_map: [0x00000000119b0000,0x0000000011bc0000] byte_map_base: 0x00000000113b0000

Marking Bits: (ParMarkBitMap*) 0x0000000051599d00
 Begin Bits: [0x0000000012520000, 0x0000000013520000)
 End Bits:   [0x0000000013520000, 0x0000000014520000)

Polling page: 0x0000000000750000

CodeCache: size=245760Kb used=1398Kb max_used=1401Kb free=244361Kb
 bounds [0x00000000025f0000, 0x0000000002860000, 0x00000000115f0000]
 total_blobs=441 nmethods=182 adapters=173
 compilation: enabled

Compilation events (10 events):
Event: 0.755 Thread 0x0000000017060800  180   !   3       com.android.dx.rop.cst.StdConstantPool::getOrNull (13 bytes)
Event: 0.755 Thread 0x000000001511e800 nmethod 181 0x0000000002749e50 code [0x0000000002749fa0, 0x000000000274a0b8]
Event: 0.755 Thread 0x0000000017060800 nmethod 180 0x000000000274e190 code [0x000000000274e380, 0x000000000274ec88]
Event: 0.755 Thread 0x0000000017060800  177       3       java.util.BitSet::wordIndex (5 bytes)
Event: 0.756 Thread 0x0000000017060800 nmethod 177 0x0000000002749b50 code [0x0000000002749ca0, 0x0000000002749dd0]
Event: 0.756 Thread 0x0000000017060800  179       3       com.android.dx.rop.cst.TypedConstant::<init> (5 bytes)
Event: 0.756 Thread 0x0000000017060800 nmethod 179 0x00000000027496d0 code [0x0000000002749840, 0x0000000002749a50]
Event: 0.756 Thread 0x0000000017060800  178       3       java.util.BitSet::checkInvariants (111 bytes)
Event: 0.756 Thread 0x0000000017060800 nmethod 178 0x00000000027492d0 code [0x0000000002749420, 0x00000000027495b0]
Event: 0.756 Thread 0x0000000017060800  182   !   3       com.android.dx.cf.cst.ConstantPoolParser::parse0 (731 bytes)

GC Heap History (0 events):
No events

Deoptimization events (0 events):
No events

Internal exceptions (2 events):
Event: 0.258 Thread 0x00000000024f1000 Exception <a 'java/lang/NoSuchMethodError': Method sun.misc.Unsafe.defineClass(Ljava/lang/String;[BII)Ljava/lang/Class; name or signature does not match> (0x00000000eab07cc0) thrown at [C:\src\android\AOSP-openjdk\external\jetbrains\jdk\hotspot\src\share\vSê"·…ä–?
Event: 0.258 Thread 0x00000000024f1000 Exception <a 'java/lang/NoSuchMethodError': Method sun.misc.Unsafe.prefetchRead(Ljava/lang/Object;J)V name or signature does not match> (0x00000000eab07fa8) thrown at [C:\src\android\AOSP-openjdk\external\jetbrains\jdk\hotspot\src\share\vm\prims\jni.cpp, l

Events (10 events):
Event: 0.751 loading class com/android/dx/cf/attrib/InnerClassList done
Event: 0.751 loading class com/android/dx/cf/attrib/InnerClassList$Item
Event: 0.751 loading class com/android/dx/cf/attrib/InnerClassList$Item done
Event: 0.751 loading class com/android/dx/cf/attrib/AttInnerClasses
Event: 0.751 loading class com/android/dx/cf/attrib/AttInnerClasses done
Event: 0.752 Thread 0x0000000017203000 Thread added: 0x0000000017203000
Event: 0.757 loading class com/android/dx/cf/attrib/RawAttribute
Event: 0.757 loading class com/android/dx/cf/attrib/RawAttribute done
Event: 0.757 Thread 0x000000001721e800 Thread added: 0x000000001721e800
Event: 0.758 Thread 0x0000000017231800 Thread added: 0x0000000017231800


Dynamic libraries:
0x00007ff7f9650000 - 0x00007ff7f9681000 	C:\Program Files\Android\Android Studio\jre\bin\java.exe
0x00007ffa7d3a0000 - 0x00007ffa7d561000 	C:\windows\SYSTEM32\ntdll.dll
0x00007ffa7d2f0000 - 0x00007ffa7d39d000 	C:\windows\system32\KERNEL32.DLL
0x00007ffa7a4f0000 - 0x00007ffa7a6d8000 	C:\windows\system32\KERNELBASE.dll
0x00007ffa7d110000 - 0x00007ffa7d1b7000 	C:\windows\system32\ADVAPI32.dll
0x00007ffa7cb00000 - 0x00007ffa7cb9d000 	C:\windows\system32\msvcrt.dll
0x00007ffa7cbb0000 - 0x00007ffa7cc0b000 	C:\windows\system32\sechost.dll
0x00007ffa7b010000 - 0x00007ffa7b12c000 	C:\windows\system32\RPCRT4.dll
0x00007ffa7b130000 - 0x00007ffa7b286000 	C:\windows\system32\USER32.dll
0x00007ffa7b2b0000 - 0x00007ffa7b436000 	C:\windows\system32\GDI32.dll
0x00007ffa718b0000 - 0x00007ffa71b24000 	C:\windows\WinSxS\amd64_microsoft.windows.common-controls_6595b64144ccf1df_6.0.10586.0_none_8c15ae12515e1c22\COMCTL32.dll
0x00007ffa7ce90000 - 0x00007ffa7d10d000 	C:\windows\system32\combase.dll
0x00007ffa7a2b0000 - 0x00007ffa7a31a000 	C:\windows\system32\bcryptPrimitives.dll
0x00007ffa7af70000 - 0x00007ffa7afab000 	C:\windows\system32\IMM32.DLL
0x0000000050c20000 - 0x0000000050cf2000 	C:\Program Files\Android\Android Studio\jre\jre\bin\msvcr100.dll
0x0000000050de0000 - 0x0000000051614000 	C:\Program Files\Android\Android Studio\jre\jre\bin\server\jvm.dll
0x00007ffa7cba0000 - 0x00007ffa7cba8000 	C:\windows\system32\PSAPI.DLL
0x00007ffa715c0000 - 0x00007ffa715c9000 	C:\windows\SYSTEM32\WSOCK32.dll
0x00007ffa7cc10000 - 0x00007ffa7cc7b000 	C:\windows\system32\WS2_32.dll
0x00007ffa780a0000 - 0x00007ffa780c3000 	C:\windows\SYSTEM32\WINMM.dll
0x00007ffa74710000 - 0x00007ffa7471a000 	C:\windows\SYSTEM32\VERSION.dll
0x00007ffa77e20000 - 0x00007ffa77e4c000 	C:\windows\SYSTEM32\WINMMBASE.dll
0x00007ffa7a240000 - 0x00007ffa7a283000 	C:\windows\system32\cfgmgr32.dll
0x00007ffa6f6a0000 - 0x00007ffa6f6af000 	C:\Program Files\Android\Android Studio\jre\jre\bin\verify.dll
0x00007ffa6f360000 - 0x00007ffa6f389000 	C:\Program Files\Android\Android Studio\jre\jre\bin\java.dll
0x00007ffa6f300000 - 0x00007ffa6f316000 	C:\Program Files\Android\Android Studio\jre\jre\bin\zip.dll
0x00007ffa7b440000 - 0x00007ffa7c99c000 	C:\windows\system32\SHELL32.dll
0x00007ffa79b60000 - 0x00007ffa7a1a5000 	C:\windows\system32\windows.storage.dll
0x00007ffa7d220000 - 0x00007ffa7d272000 	C:\windows\system32\shlwapi.dll
0x00007ffa79a40000 - 0x00007ffa79a4f000 	C:\windows\system32\kernel.appcore.dll
0x00007ffa7a6e0000 - 0x00007ffa7a795000 	C:\windows\system32\shcore.dll
0x00007ffa799c0000 - 0x00007ffa79a0b000 	C:\windows\system32\powrprof.dll
0x00007ffa79a20000 - 0x00007ffa79a34000 	C:\windows\system32\profapi.dll

VM Arguments:
jvm_args: -Djava.awt.headless=true -Xmx1024M -Dfile.encoding=GBK -Duser.country=CN -Duser.language=zh -Duser.variant 
java_command: com.android.dx.command.Main --dex --force-jumbo --num-threads=4 --multi-dex --output D:\WeiYingProject\StudyProject\WeiYingStudy\app\build\intermediates\transforms\dex\debug\folders\1000\10\glide-3.7.0_1f3ddf859a86296da03fddcf50d19f29d652df81 C:\Users\Administrator\.gradle\caches\modules-2\files-2.1\com.github.bumptech.glide\glide\3.7.0\9e9eeaf9948ee4d6c3ab354e8dc14368f16994a4\glide-3.7.0.jar
java_class_path (initial): C:\Users\Administrator\AppData\Local\Android\sdk\build-tools\24.0.1\lib\dx.jar
Launcher Type: SUN_STANDARD

Environment Variables:
JAVA_HOME=C:\Program Files\Java\jdk1.8.0_121
CLASSPATH= .C:\Program Files\Java\jdk1.8.0_121\lib;C:\Program Files\Java\jdk1.8.0_121\lib\tools.jar
PATH=C:\ProgramData\Oracle\Java\javapath;C:\windows\system32;C:\windows;C:\windows\System32\Wbem;C:\windows\System32\WindowsPowerShell\v1.0\;C:\Program Files\Java\jdk1.8.0_121\bin;C:\Program Files\Java\jdk1.8.0_121\jre\bin;C:\Program Files\Git\cmd
USERNAME=Administrator
OS=Windows_NT
PROCESSOR_IDENTIFIER=Intel64 Family 6 Model 94 Stepping 3, GenuineIntel



---------------  S Y S T E M  ---------------

OS: Windows 10.0 , 64 bit Build 10586 (10.0.10586.0)

CPU:total 8 (4 cores per cpu, 2 threads per core) family 6 model 94 stepping 3, cmov, cx8, fxsr, mmx, sse, sse2, sse3, ssse3, sse4.1, sse4.2, popcnt, avx, avx2, aes, clmul, erms, rtm, 3dnowpref, lzcnt, ht, tsc, tscinvbit, bmi1, bmi2, adx

Memory: 4k page, physical 8307124k(1024668k free), swap 9355700k(5252k free)

vm_info: OpenJDK 64-Bit Server VM (25.76-b03) for windows-amd64 JRE (1.8.0_76-release-b03), built on Jun 29 2016 19:09:20 by "ralucas" with MS VC++ 10.0 (VS2010)

time: Tue Feb 28 22:46:41 2017
elapsed time: 0 seconds (0d 0h 0m 0s)

